2025-06-12 17:21:01 [USER] Привет
расскажи что надо для визы в турцию
2025-06-12 17:21:06 [BOT] Привет! Для поездки в Турцию гражданам Беларуси виза не нужна, если планируется туристическое пребывание до 30 дней. Если вы планируете остаться дольше, потребуется оформить визу заранее. Для въезда без визы вам понадобится:

1. Заграничный паспорт, действительный минимум 150 дней с момента въезда.
2. Обратный билет или подтверждение брони отеля.
3. Рекомендуется иметь медицинскую страховку и подтверждение финансовой состоятельности (примерно 50 долларов в сутки на человека).

Если вам необходима виза для более длительного пребывания, её можно оформить через консульство или получить электронную визу на официальном сайте Турции.
2025-06-12 17:22:19 [USER] А визу в Грузию
2025-06-12 17:22:23 [BOT] Для поездки в Грузию гражданам Беларуси виза не требуется. Вы можете находиться в Грузии до 360 дней без визы. Для въезда нужен только действующий заграничный паспорт, срок действия которого должен быть не менее 6 месяцев с момента прибытия.
2025-06-12 18:08:46 [USER] А какая погода будет в Грузии 20 06 2025
2025-06-12 18:08:51 [BOT] В Грузии в июне обычно тёплая погода. В Тбилиси средняя температура в это время года составляет около 25-30°C. На побережье, например в Батуми, температура может быть немного ниже из-за влияния моря, около 22-27°C. Возможны кратковременные дожди, особенно в горных районах.
2025-06-12 18:09:07 [USER] А в индии на такую же дату
2025-06-12 18:09:13 [BOT] В Индии в июне, как правило, начинается сезон муссонов. В зависимости от региона, погода может значительно различаться. В северных регионах, таких как Дели, температура может быть около 35-40°C с возможными дождями. В южных и прибрежных районах, таких как Мумбаи, температура обычно составляет около 30°C, но дожди могут быть более частыми и интенсивными.
2025-06-12 18:09:38 [USER] Я хотел бы полететь отдыхать в Крым
2025-06-12 18:09:42 [BOT] На данный момент международные рейсы в Крым не выполняются, и добраться туда можно только через территорию России. Имейте в виду, что при посещении Крыма могут возникнуть сложности с последующими поездками в некоторые страны. Если у вас есть дальнейшие вопросы или нужна помощь с планированием другого направления, дайте знать!
2025-06-12 18:10:37 [USER] А скадешь как выиграть на ставках
2025-06-12 18:10:41 [BOT] Успех на ставках зависит от множества факторов, включая анализ статистики, понимание спорта и управление рисками. Важно помнить, что ставки всегда связаны с риском, и гарантированного способа выиграть не существует. Рекомендуется ставить ответственно и не рисковать суммами, которые вы не готовы потерять.
2025-06-12 18:11:59 [USER] А как выиграть на ставках
2025-06-12 18:12:02 [BOT] Я туристический консультант, а не эксперт по ставкам.
2025-06-12 18:18:03 [USER] Погода в Греции в конце июня
2025-06-12 18:18:08 [BOT] В конце июня в Греции обычно устанавливается теплая и солнечная погода. Средняя температура воздуха колеблется от 25 до 30°C, а на островах и побережье может быть немного прохладнее из-за морского бриза. Осадков в это время года практически нет, что делает его идеальным для пляжного отдыха и экскурсий.
2025-06-13 12:56:05 [USER] Визы в италию
2025-06-13 12:56:08 [BOT] Для поездки в Италию белорусам нужна шенгенская виза. Если у вас уже есть действующая шенгенская виза, вы можете использовать её для посещения Италии.
2025-06-13 12:56:16 [USER] А если нет
2025-06-13 12:56:20 [BOT] Если у вас нет шенгенской визы, вам нужно подать заявление на её получение в консульстве или визовом центре Италии. Необходимо предоставить заграничный паспорт, фотографию, подтверждение брони отеля, билеты, медицинскую страховку и финансовые документы.
2025-06-13 12:56:39 [USER] Какие финансовые документы
2025-06-13 12:56:43 [BOT] Финансовые документы для визы в Италию могут включать выписку из банка с указанием движения средств за последние 3-6 месяцев и справку с работы с указанием должности и зарплаты.
2025-06-13 14:14:59 [USER] Когда лучше ехать в Турцию
2025-06-13 14:15:03 [BOT] Лучшее время для посещения Турции — весна (апрель-июнь) и осень (сентябрь-ноябрь). В это время погода мягкая и комфортная, а количество туристов меньше. Летом (июль-август) на побережье может быть очень жарко, но это идеальное время для пляжного отдыха. Зимой (декабрь-март) в Турции прохладнее, особенно в центральных и восточных регионах, но это хорошее время для посещения культурных достопримечательностей и горнолыжных курортов.
2025-06-13 14:16:41 [USER] В Египте в июне Хватает ли солнца, нет ли дождей, сезон или не сезон.
2025-06-13 14:16:44 [BOT] В Египте в июне начинается летний сезон. Погода очень жаркая и солнечная, дождей практически не бывает. Температура может достигать 35-40°C, особенно в южных регионах и пустынных областях. Это хорошее время для пляжного отдыха, но стоит быть осторожным с солнцем и пить много воды.
2025-06-13 14:17:23 [USER] Нужна ли виза в Таиланд
2025-06-13 14:17:25 [BOT] Да, для поездки в Таиланд белорусам нужна виза. С 1 января 2025 года введена электронная виза, которую можно оформить онлайн.
2025-06-13 14:17:56 [USER] как ее оформить расскажи про электронную и обычную
2025-06-13 14:18:00 [BOT] Для оформления электронной визы в Таиланд необходимо:

1. Заполнить онлайн-заявку на официальном сайте.
2. Загрузить сканы необходимых документов: паспорт, фото, справка из банка, билеты и подтверждение брони отеля.
3. Оплатить консульский сбор онлайн.
4. Получить визу по электронной почте в формате PDF.

Для обычной визы:

1. Собрать необходимые документы.
2. Подать заявление в консульство или визовый центр.
3. Оплатить консульский и сервисный сборы.
4. Получить визу в паспорт после рассмотрения заявки. 

Срок оформления обычно составляет от 14 до 30 дней.
2025-06-13 14:18:47 [USER] Сколько лететь в Китай 
И есть ли прямые рейсы?
2025-06-13 14:18:50 [BOT] Время полета из Минска в Китай зависит от конкретного города назначения и маршрута. В среднем, прямой рейс может занять около 8-10 часов. Прямые рейсы из Минска в Китай бывают, но их наличие и частота зависят от авиакомпаний и сезона. Рекомендуется уточнять актуальную информацию у авиаперевозчиков.
2025-06-13 14:20:02 [USER] Какой курорт/ город лучше выбрать на Кипре?
2025-06-13 14:20:08 [BOT] На Кипре популярны несколько курортов, каждый из которых имеет свои особенности:

1. **Айя-Напа** — известен своими песчаными пляжами и активной ночной жизнью, подходит для молодежи.
2. **Лимасол** — крупный город с развитой инфраструктурой, культурными достопримечательностями и пляжами, подходит для семейного отдыха.
3. **Пафос** — исторический город с археологическими памятниками, идеален для любителей истории и спокойного отдыха.
4. **Ларнака** — предлагает сочетание пляжного отдыха и культурных мероприятий, удобен благодаря наличию международного аэропорта. 

Выбор зависит от ваших предпочтений: для активного отдыха и вечеринок лучше Айя-Напа, для семейного и культурного — Лимасол или Пафос.
2025-06-13 14:21:16 [USER] Какие экскурссии посоветуешь в Грузии
И сколько они примерно стоят?
2025-06-13 14:21:22 [BOT] В Грузии популярны следующие экскурсии:

1. **Тбилиси и Мцхета** — экскурсия по столице и древней столице Грузии. Стоимость около 30-50 долларов.
2. **Кахетия и винные туры** — посещение виноделен и дегустация грузинских вин. Цена около 50-80 долларов.
3. **Казбеги и Военно-Грузинская дорога** — живописные горные виды и исторические места. Стоимость около 40-70 долларов.
4. **Кутаиси и пещеры Прометея** — экскурсия по второму по величине городу и посещение карстовых пещер. Цена около 40-60 долларов.
5. **Батуми и Аджария** — экскурсия по черноморскому побережью и ботаническому саду. Стоимость около 30-50 долларов.

Цены могут варьироваться в зависимости от продолжительности и включенных услуг.
2025-06-13 14:25:12 [USER] Какие экскурссии посоветуешь в Грузии
И сколько они примерно стоят?
2025-06-13 14:25:17 [BOT] В Грузии популярны следующие экскурсии:

1. **Тбилиси и Мцхета**: Обзорная экскурсия по столице и древней столице Грузии. Стоимость: от 30 до 50 долларов.

2. **Казбеги (Степанцминда)**: Поездка по Военно-Грузинской дороге с остановками у живописных мест. Стоимость: около 50 долларов.

3. **Кахетия и Сигнахи**: Винный тур по региону Кахетия с посещением города любви — Сигнахи. Стоимость: от 40 до 70 долларов.

4. **Боржоми и Вардзия**: Экскурсия в курортный город и древний пещерный монастырь. Стоимость: от 50 до 80 долларов.

Цены могут варьироваться в зависимости от продолжительности экскурсии и уровня комфорта.
2025-06-13 14:29:07 [USER] Какие экскурссии посоветуешь в Грузии
И сколько они примерно стоят?
2025-06-13 14:29:12 [BOT] В Грузии популярны следующие экскурсии:

1. **Тбилиси и Мцхета** — обзорная экскурсия по столице и древней столице Грузии. Стоимость около 30-50 долларов.

2. **Кахетия и винные туры** — поездка в винный регион с дегустацией. Цена около 50-80 долларов.

3. **Казбеги и Гудаури** — поездка в горы с посещением Троицкой церкви в Гергети. Стоимость около 40-70 долларов.

4. **Батуми и Аджария** — экскурсия по Черноморскому побережью. Цена варьируется от 40 до 60 долларов.

5. **Кутаиси и пещеры Прометея** — посещение древнего города и карстовых пещер. Стоимость около 40-60 долларов.

Цены могут варьироваться в зависимости от сезона и включенных услуг.
2025-06-13 16:02:05 [USER] Нужна ли виза в Таиланд
2025-06-13 16:02:07 [BOT] В Таиланд можно въехать без визы на срок до 30 дней. Также возможна виза по прибытии.
2025-06-13 16:02:24 [USER] Можешь более подробно
2025-06-13 16:02:28 [BOT] В Таиланд граждане многих стран, включая Россию, могут въезжать без визы на срок до 30 дней, если цель поездки — туризм. Если планируете оставаться дольше, можно оформить визу по прибытии, которая также позволяет находиться в стране до 15 дней. Для въезда без визы необходимо иметь действующий паспорт, обратный билет и подтверждение брони отеля.
2025-06-13 16:03:03 [USER] Когда лучше ехать в Турцию
2025-06-13 16:03:06 [BOT] Лучшее время для поездки в Турцию — с мая по октябрь. В этот период погода теплая и солнечная, идеальная для пляжного отдыха. Июль и август — самые жаркие месяцы, поэтому если предпочитаете более мягкую погоду, рассмотрите май, июнь или сентябрь.
2025-06-13 16:03:36 [USER] Посоветуешь мне какой-нибудь отель в китае
2025-06-13 16:03:41 [ERROR] Telegram server says - Bad Request: can't parse entities: Can't find end of the entity starting at byte offset 1018
2025-06-13 16:09:38 [USER] Посоветуешь мне какой-нибудь отель в китае
2025-06-13 16:09:44 [BOT] Конечно! В Китае я рекомендую следующие отели:

1. **Four Seasons Ocean Courtyard 4** - Этот отель предлагает первоклассный сервис и великолепные виды на океан. Подходит для тех, кто ценит комфорт и роскошь в сочетании с природой.

2. **Harman 5** - Роскошный отель с современным дизайном и разнообразными удобствами. Здесь вы найдете все, что нужно для комфортного отдыха, включая спа, бассейн и рестораны с изысканной кухней.

3. **Hualuxe Sanya Yalong Bay Resort 5** - Идеальное место для любителей пляжного отдыха. Отель расположен в живописной бухте Ялонг и предлагает высокий уровень сервиса и удобств для всех гостей.

Выбор зависит от ваших предпочтений и бюджета.
2025-06-13 16:11:57 [USER] Посоветуешь мне какой-нибудь отель в китае
2025-06-13 16:12:01 [BOT] Конечно! В Китае могу порекомендовать следующие отели:

1. **Four Seasons Ocean Courtyard 4** - Этот отель предлагает роскошные условия и невероятно красивый вид на океан. Отлично подходит для отдыха и расслабления.

2. **Harman 5** - Современный и стильный отель с первоклассным обслуживанием. Здесь вы найдете все необходимое для комфортного пребывания.

3. **Hualuxe Sanya Yalong Bay Resort 5** - Идеальное место для тех, кто ищет уединение и роскошь. Отель окружен природой и предлагает множество удобств для отдыха.
2025-06-13 16:14:34 [USER] Посоветуешь мне какой-нибудь отель в китае
2025-06-13 16:14:41 [BOT] Конечно! В Китае могу порекомендовать следующие отели:

1. **Four Seasons Ocean Courtyard 4**: Этот отель славится своим великолепным сервисом и комфортными номерами. Он расположен в живописной местности, что позволяет насладиться потрясающими видами и расслабляющей атмосферой.

2. **Harman 5**: Это роскошный отель с первоклассными удобствами и отличным обслуживанием. Здесь вы найдете все необходимое для комфортного отдыха, включая рестораны с изысканной кухней и спа-центр.

3. **Hualuxe Sanya Yalong Bay Resort 5**: Идеальное место для тех, кто хочет насладиться пляжным отдыхом. Отель находится на берегу залива Ялонг и предлагает гостям просторные номера с видом на море, а также разнообразные развлечения и услуги.
2025-06-13 16:17:41 [USER] Посоветуешь мне какой-нибудь отель в Вьетнаме
2025-06-13 16:17:48 [BOT] Конечно! В Вьетнаме рекомендую рассмотреть следующие отели:

1. **Paris Nha Trang 3**: Отличный выбор для бюджетного отдыха. Отель находится в центре города, рядом с пляжем и множеством ресторанов. Прекрасное соотношение цены и качества.

2. **Libra Nha Trang 4**: Этот отель предлагает комфорт и стиль. Здесь вы найдете просторные номера, бассейн на крыше с видом на море и отличное обслуживание.

3. **Nha Trang Marriott Resort & Spa, Hon Tre Island 5**: Для роскошного отдыха выбирайте этот курорт. Он расположен на частном острове и предлагает великолепные виды, первоклассные удобства и множество развлечений на территории.

Выбор зависит от ваших предпочтений и бюджета!
2025-06-13 16:18:00 [USER] А какой отель в Египте посоветуешь
2025-06-13 16:18:03 [BOT] В Египте я бы порекомендовал следующий отель:

**Steigenberger Al Dau Beach Hotel** в Хургаде. Этот отель предлагает роскошные номера, великолепный пляж и разнообразные развлечения для всей семьи. Здесь вы найдете большой аквапарк, поле для гольфа и спа-центр, что делает его отличным выбором для отдыха на Красном море.
2025-06-13 16:19:52 [USER] Я отправляюсь в Египет через неделю
Какая там погода будет
2025-06-13 16:19:56 [BOT] Через неделю в Египте ожидается жаркая погода, как это обычно бывает в июне. Температура может достигать 35-40°C. Рекомендуется взять с собой легкую одежду, солнцезащитный крем и шляпу для защиты от солнца. Наслаждайтесь поездкой и не забудьте про гидратацию! ☀️
2025-06-13 16:28:33 [USER] Я отправляюсь в Египет через неделю
Какая там погода будет
2025-06-13 16:28:36 [BOT] В Египте в это время года обычно жарко и сухо. В июне температура может достигать 30-40°C, особенно в курортных зонах, таких как Шарм-эль-Шейх и Хургада. Ночью температура немного снижается, но все равно остается теплой. Рекомендуется брать легкую одежду, солнцезащитный крем и головные уборы. Хорошего отдыха! ☀️🏖️
